        -:    0:Source:rainhas.cpp
        -:    1:// Copyright 2024 Daniel do Carmo Figueiredo
        -:    2:
        -:    3:#include "rainhas.hpp"
        -:    4:#include <cctype>
        -:    5:#include <string>
        -:    6:#include <fstream>
        -:    7:#include <iostream>
        -:    8:#include <vector>
        -:    9:#include <sstream>
        -:   10:
       12:   11:int valida_arquivo_entrada(const std::string &filename)
        -:   12:{
       12:   13:  std::ifstream file(filename);
       12:   14:  if (!file)
        1:   15:    return -1;
        -:   16:
        -:   17:  char caractere;
       11:   18:  int numColunas = 0;
       11:   19:  int numLinhas = 0;
      643:   20:  while (file.get(caractere))
        -:   21:  {
      636:   22:    if (isalpha(caractere))
        1:   23:      return -1;
        -:   24:
      635:   25:    if (isdigit(caractere) && !(caractere == '0' || caractere == '1'))
        1:   26:      return -1;
        -:   27:
      634:   28:    if (caractere == '\n')
        -:   29:    {
       63:   30:      if (numColunas != 8)
        2:   31:        return -1;
        -:   32:
       61:   33:      numColunas = 0;
       61:   34:      numLinhas++;
        -:   35:    }
        -:   36:    else
        -:   37:    {
      571:   38:      ++numColunas;
        -:   39:    }
        -:   40:  }
        -:   41:
        7:   42:  if (numLinhas != 7)
        1:   43:    return -1;
        -:   44:
        6:   45:  file.close();
        -:   46:
        6:   47:  return 0;
       12:   48:}
        -:   49:
       12:   50:int game(const std::string &filename)
        -:   51:{
       12:   52:  if (valida_arquivo_entrada(filename) == -1)
        6:   53:    return -1;
        -:   54:
        6:   55:  std::ifstream file(filename);
        6:   56:  std::string linha;
        -:   57:  int tabuleiro[8][8];
        6:   58:  int j = 0;
       54:   59:  while (getline(file, linha))
        -:   60:  {
      432:   61:    for (int i = 0; i < 8; i++)
        -:   62:    {
      384:   63:      tabuleiro[i][j] = linha[i] - '0';
        -:   64:    }
       48:   65:    j++;
        -:   66:  }
        6:   67:  file.close();
        -:   68:
        6:   69:  int nao_solucao = 1;
        6:   70:  int numRainhasLinha = 0; // Verifica rainhas na mesma linha
       54:   71:  for (int i = 0; i < 8; i++)
        -:   72:  {
      432:   73:    for (int j = 0; j < 8; j++)
        -:   74:    {
      384:   75:      std::cout << tabuleiro[i][j];
      384:   76:      if (tabuleiro[i][j] == 1)
       48:   77:        numRainhasLinha++;
        -:   78:
      384:   79:      if (numRainhasLinha > 1)
       17:   80:        nao_solucao = 0;
        -:   81:    }
       48:   82:    numRainhasLinha = 0;
        -:   83:  }
        -:   84:
        6:   85:  int numRainhasColuna = 0; // verifica rainha na mesma coluna
       54:   86:  for (int i = 0; i < 8; i++)
        -:   87:  {
      432:   88:    for (int j = i; j <= i + 7 * 8;)
        -:   89:    {
      384:   90:      if (tabuleiro[i][j] == 1)
       29:   91:        numRainhasColuna++;
        -:   92:
      384:   93:      if (numRainhasColuna > 1)
        1:   94:        nao_solucao = 0;
        -:   95:
      384:   96:      j += 8;
        -:   97:    }
       48:   98:    numRainhasColuna = 0;
        -:   99:  }
        -:  100:
        6:  101:  return nao_solucao;
        6:  102:}
        -:  103:
       12:  104:int rainhas(const std::string &filename)
        -:  105:{
       12:  106:  int valida_game = game(filename);
        -:  107:
       12:  108:  return valida_game;
        -:  109:}
