        -:    0:Source:rainhas.cpp
        -:    1:// Copyright 2024 Daniel do Carmo Figueiredo
        -:    2:
        -:    3:#include "rainhas.hpp"
        -:    4:#include <cctype>
        -:    5:#include <string>
        -:    6:#include <fstream>
        -:    7:#include <iostream>
        -:    8:
        -:    9:using namespace std;
        -:   10:
        4:   11:int valida_arquivo_entrada(const std::string &filename)
        -:   12:{
        4:   13:  ifstream file(filename);
        4:   14:  if (!file)
        1:   15:    return -1;
        -:   16:
        -:   17:  char caractere;
      157:   18:  while (file.get(caractere))
        -:   19:  {
      155:   20:    if (isalpha(caractere))
        1:   21:      return -1;
        -:   22:  }
        -:   23:
        2:   24:  return 0;
        4:   25:}
        -:   26:
        4:   27:int rainhas(const std::string &filename)
        -:   28:{
        -:   29:
        4:   30:  int valida_arquivo = valida_arquivo_entrada(filename);
        -:   31:
        4:   32:  if (valida_arquivo == -1)
        2:   33:    return -1;
        -:   34:
        2:   35:  return 0;
        -:   36:}
