        -:    0:Source:rainhas.cpp
        -:    1:// Copyright 2024 Daniel do Carmo Figueiredo
        -:    2:
        -:    3:#include "rainhas.hpp"
        -:    4:#include <cctype>
        -:    5:#include <string>
        -:    6:#include <fstream>
        -:    7:#include <iostream>
        -:    8:
        -:    9:using namespace std;
        -:   10:
        4:   11:int valida_arquivo_entrada(const std::string &filename)
        -:   12:{
        4:   13:  ifstream file(filename);
        4:   14:  if (!file)
        2:   15:    return -1;
        -:   16:
        2:   17:  return 0;
        4:   18:}
        -:   19:
        4:   20:int rainhas(const std::string &filename)
        -:   21:{
        -:   22:
        4:   23:  int valida_arquivo = valida_arquivo_entrada(filename);
        -:   24:
        4:   25:  if (valida_arquivo == -1)
        2:   26:    return -1;
        -:   27:
        2:   28:  return 0;
        -:   29:}
