        -:    0:Source:rainhas.cpp
        -:    1:// Copyright 2024 Daniel do Carmo Figueiredo
        -:    2:
        -:    3:#include "rainhas.hpp"
        -:    4:#include <cctype>
        -:    5:#include <string>
        -:    6:#include <fstream>
        -:    7:#include <iostream>
        -:    8:
        -:    9:using namespace std;
        -:   10:
        5:   11:int valida_arquivo_entrada(const std::string &filename)
        -:   12:{
        5:   13:  ifstream file(filename);
        5:   14:  if (!file)
        1:   15:    return -1;
        -:   16:
        -:   17:  char caractere;
      162:   18:  while (file.get(caractere))
        -:   19:  {
      160:   20:    if (isalpha(caractere))
        1:   21:      return -1;
        -:   22:
      159:   23:    if (isdigit(caractere) && !(caractere == '0' || caractere == '1'))
        1:   24:      return -1;
        -:   25:  }
        -:   26:
        2:   27:  return 0;
        5:   28:}
        -:   29:
        5:   30:int rainhas(const std::string &filename)
        -:   31:{
        -:   32:
        5:   33:  int valida_arquivo = valida_arquivo_entrada(filename);
        -:   34:
        5:   35:  if (valida_arquivo == -1)
        3:   36:    return -1;
        -:   37:
        2:   38:  return 0;
        -:   39:}
