        -:    0:Source:rainhas.cpp
        -:    1:// Copyright 2024 Daniel do Carmo Figueiredo
        -:    2:
        -:    3:#include "rainhas.hpp"
        -:    4:#include <cctype>
        -:    5:#include <string>
        -:    6:#include <fstream>
        -:    7:#include <iostream>
        -:    8:
        -:    9:using namespace std;
        -:   10:
        1:   11:int valida_arquivo_entrada(const std::string &filename)
        -:   12:{
        1:   13:  ifstream file(filename);
        1:   14:  if (!file)
    #####:   15:    return -2;
        -:   16:
        1:   17:  return 0;
        1:   18:}
        -:   19:
        1:   20:int rainhas(const std::string &filename)
        -:   21:{
        -:   22:
        1:   23:  int valida_arquivo = valida_arquivo_entrada(filename);
        -:   24:
        1:   25:  if (valida_arquivo == -2)
    #####:   26:    return -2;
        -:   27:
        1:   28:  return 0;
        -:   29:}
